<?xml version="1.0" encoding="UTF-8"?>
<testng-results ignored="0" total="1" passed="1" failed="0" skipped="0">
  <reporter-output>
  </reporter-output>
  <suite started-at="2022-09-23T15:26:46Z" name="Default suite" finished-at="2022-09-23T15:27:13Z" duration-ms="26890">
    <groups>
    </groups>
    <test started-at="2022-09-23T15:26:46Z" name="Default test" finished-at="2022-09-23T15:27:13Z" duration-ms="26890">
      <class name="eCommerceApp.eCommerce_ComparePrice">
        <test-method is-config="true" signature="ConfigureAppium()[pri:0, instance:eCommerceApp.eCommerce_ComparePrice@3697186]" started-at="2022-09-23T15:26:46Z" name="ConfigureAppium" finished-at="2022-09-23T15:26:57Z" duration-ms="11114" status="PASS">
          <reporter-output>
          </reporter-output>
        </test-method> <!-- ConfigureAppium -->
        <test-method signature="FillForm()[pri:0, instance:eCommerceApp.eCommerce_ComparePrice@3697186]" started-at="2022-09-23T15:26:57Z" name="FillForm" finished-at="2022-09-23T15:27:13Z" duration-ms="15379" status="PASS">
          <reporter-output>
          </reporter-output>
        </test-method> <!-- FillForm -->
        <test-method is-config="true" signature="tearDown()[pri:0, instance:eCommerceApp.eCommerce_ComparePrice@3697186]" started-at="2022-09-23T15:27:13Z" name="tearDown" finished-at="2022-09-23T15:27:13Z" duration-ms="379" status="PASS">
          <reporter-output>
          </reporter-output>
        </test-method> <!-- tearDown -->
      </class> <!-- eCommerceApp.eCommerce_ComparePrice -->
    </test> <!-- Default test -->
  </suite> <!-- Default suite -->
</testng-results>
